This is pdfTeX, Version 3.14159265-2.6-1.40.20 (TeX Live 2019) (preloaded format=pdflatex 2020.1.21)  23 NOV 2020 11:36
entering extended mode
 restricted \write18 enabled.
 %&-line parsing enabled.
**Thesis.tex
(./Thesis.tex
LaTeX2e <2018-12-01>
(./Latex/Classes/PhDthesisPSnPDF.cls
Document Class: Latex/Classes/PhDthesisPSnPDF 2007/09/06 v2 PhD thesis class
(/usr/local/texlive/2019/texmf-dist/tex/latex/base/book.cls
Document Class: book 2018/09/03 v1.4i Standard LaTeX document class
(/usr/local/texlive/2019/texmf-dist/tex/latex/base/bk11.clo
File: bk11.clo 2018/09/03 v1.4i Standard LaTeX file (size option)
)
\c@part=\count80
\c@chapter=\count81
\c@section=\count82
\c@subsection=\count83
\c@subsubsection=\count84
\c@paragraph=\count85
\c@subparagraph=\count86
\c@figure=\count87
\c@table=\count88
\abovecaptionskip=\skip41
\belowcaptionskip=\skip42
\bibindent=\dimen102
)
(/usr/local/texlive/2019/texmf-dist/tex/latex/amsfonts/amssymb.sty
Package: amssymb 2013/01/14 v3.01 AMS font symbols

(/usr/local/texlive/2019/texmf-dist/tex/latex/amsfonts/amsfonts.sty
Package: amsfonts 2013/01/14 v3.01 Basic AMSFonts support
\@emptytoks=\toks14
\symAMSa=\mathgroup4
\symAMSb=\mathgroup5
LaTeX Font Info:    Overwriting math alphabet `\mathfrak' in version `bold'
(Font)                  U/euf/m/n --> U/euf/b/n on input line 106.
))
(/usr/local/texlive/2019/texmf-dist/tex/latex/graphics/graphics.sty
Package: graphics 2017/06/25 v1.2c Standard LaTeX Graphics (DPC,SPQR)

(/usr/local/texlive/2019/texmf-dist/tex/latex/graphics/trig.sty
Package: trig 2016/01/03 v1.10 sin cos tan (DPC)
)
(/usr/local/texlive/2019/texmf-dist/tex/latex/graphics-cfg/graphics.cfg
File: graphics.cfg 2016/06/04 v1.11 sample graphics configuration
)
Package graphics Info: Driver file: pdftex.def on input line 99.

(/usr/local/texlive/2019/texmf-dist/tex/latex/graphics-def/pdftex.def
File: pdftex.def 2018/01/08 v1.0l Graphics/color driver for pdftex
))
(/usr/local/texlive/2019/texmf-dist/tex/latex/caption/caption.sty
Package: caption 2018/10/06 v3.3-154 Customizing captions (AR)

(/usr/local/texlive/2019/texmf-dist/tex/latex/caption/caption3.sty
Package: caption3 2018/09/12 v1.8c caption3 kernel (AR)
Package caption3 Info: TeX engine: e-TeX on input line 64.

(/usr/local/texlive/2019/texmf-dist/tex/latex/graphics/keyval.sty
Package: keyval 2014/10/28 v1.15 key=value parser (DPC)
\KV@toks@=\toks15
)
\captionmargin=\dimen103
\captionmargin@=\dimen104
\captionwidth=\dimen105
\caption@tempdima=\dimen106
\caption@indent=\dimen107
\caption@parindent=\dimen108
\caption@hangindent=\dimen109
)
\c@caption@flags=\count89
\c@ContinuedFloat=\count90
)
(/usr/local/texlive/2019/texmf-dist/tex/latex/fancyhdr/fancyhdr.sty
Package: fancyhdr 2019/01/31 v3.10 Extensive control of page headers and footer
s
\f@nch@headwidth=\skip43
\f@nch@O@elh=\skip44
\f@nch@O@erh=\skip45
\f@nch@O@olh=\skip46
\f@nch@O@orh=\skip47
\f@nch@O@elf=\skip48
\f@nch@O@erf=\skip49
\f@nch@O@olf=\skip50
\f@nch@O@orf=\skip51
)
(/usr/local/texlive/2019/texmf-dist/tex/latex/amsfonts/eucal.sty
Package: eucal 2009/06/22 v3.00 Euler Script fonts
LaTeX Font Info:    Overwriting math alphabet `\EuScript' in version `bold'
(Font)                  U/eus/m/n --> U/eus/b/n on input line 33.
)
(/usr/local/texlive/2019/texmf-dist/tex/generic/babel/babel.sty
Package: babel 2019/05/04 3.31 The Babel package

(/usr/local/texlive/2019/texmf-dist/tex/generic/babel/switch.def
File: switch.def 2019/05/04 3.31 Babel switching mechanism
)
(/usr/local/texlive/2019/texmf-dist/tex/generic/babel-english/english.ldf
Language: english 2017/06/06 v3.3r English support from the babel system

(/usr/local/texlive/2019/texmf-dist/tex/generic/babel/babel.def
File: babel.def 2019/05/04 3.31 Babel common definitions
\babel@savecnt=\count91
\U@D=\dimen110

(/usr/local/texlive/2019/texmf-dist/tex/generic/babel/txtbabel.def)
\bbl@dirlevel=\count92
)
\l@canadian = a dialect from \language\l@american 
\l@australian = a dialect from \language\l@british 
\l@newzealand = a dialect from \language\l@british 
))
(/usr/local/texlive/2019/texmf-dist/tex/latex/graphics/color.sty
Package: color 2016/07/10 v1.1e Standard LaTeX Color (DPC)

(/usr/local/texlive/2019/texmf-dist/tex/latex/graphics-cfg/color.cfg
File: color.cfg 2016/01/02 v1.6 sample color configuration
)
Package color Info: Driver file: pdftex.def on input line 147.

(/usr/local/texlive/2019/texmf-dist/tex/latex/graphics/dvipsnam.def
File: dvipsnam.def 2016/06/17 v3.0m Driver-dependent file (DPC,SPQR)
))
(/usr/local/texlive/2019/texmf-dist/tex/latex/natbib/natbib.sty
Package: natbib 2010/09/13 8.31b (PWD, AO)
\bibhang=\skip52
\bibsep=\skip53
LaTeX Info: Redefining \cite on input line 694.
\c@NAT@ctr=\count93
)
(/usr/local/texlive/2019/texmf-dist/tex/latex/base/ifthen.sty
Package: ifthen 2014/09/29 v1.1c Standard LaTeX ifthen package (DPC)
)
(/usr/local/texlive/2019/texmf-dist/tex/latex/tools/multicol.sty
Package: multicol 2018/12/27 v1.8v multicolumn formatting (FMi)
\c@tracingmulticols=\count94
\mult@box=\box27
\multicol@leftmargin=\dimen111
\c@unbalance=\count95
\c@collectmore=\count96
\doublecol@number=\count97
\multicoltolerance=\count98
\multicolpretolerance=\count99
\full@width=\dimen112
\page@free=\dimen113
\premulticols=\dimen114
\postmulticols=\dimen115
\multicolsep=\skip54
\multicolbaselineskip=\skip55
\partial@page=\box28
\last@line=\box29
\maxbalancingoverflow=\dimen116
\mult@rightbox=\box30
\mult@grightbox=\box31
\mult@gfirstbox=\box32
\mult@firstbox=\box33
\@tempa=\box34
\@tempa=\box35
\@tempa=\box36
\@tempa=\box37
\@tempa=\box38
\@tempa=\box39
\@tempa=\box40
\@tempa=\box41
\@tempa=\box42
\@tempa=\box43
\@tempa=\box44
\@tempa=\box45
\@tempa=\box46
\@tempa=\box47
\@tempa=\box48
\@tempa=\box49
\@tempa=\box50
\c@columnbadness=\count100
\c@finalcolumnbadness=\count101
\last@try=\dimen117
\multicolovershoot=\dimen118
\multicolundershoot=\dimen119
\mult@nat@firstbox=\box51
\colbreak@box=\box52
\mc@col@check@num=\count102
)
(/usr/local/texlive/2019/texmf-dist/tex/latex/tocbibind/tocbibind.sty
Package: tocbibind 2010/10/13 v1.5k extra ToC listings
Package tocbibind Info: The document has chapter divisions on input line 50.


Package tocbibind Note: Using chapter style headings, unless overridden.

) (/usr/local/texlive/2019/texmf-dist/tex/latex/nomencl/nomencl.sty
Package: nomencl 2019/05/05 v5.2 Nomenclature package

(/usr/local/texlive/2019/texmf-dist/tex/latex/xkeyval/xkeyval.sty
Package: xkeyval 2014/12/03 v2.7a package option processing (HA)

(/usr/local/texlive/2019/texmf-dist/tex/generic/xkeyval/xkeyval.tex
(/usr/local/texlive/2019/texmf-dist/tex/generic/xkeyval/xkvutils.tex
\XKV@toks=\toks16
\XKV@tempa@toks=\toks17
)
\XKV@depth=\count103
File: xkeyval.tex 2014/12/03 v2.7a key=value parser (HA)
))
(/usr/local/texlive/2019/texmf-dist/tex/latex/koma-script/tocbasic.sty
Package: tocbasic 2019/02/01 v3.26b KOMA-Script package (handling toc-files)

(/usr/local/texlive/2019/texmf-dist/tex/latex/koma-script/scrbase.sty
Package: scrbase 2019/02/01 v3.26b KOMA-Script package (KOMA-Script-independent
 basics and keyval usage)

(/usr/local/texlive/2019/texmf-dist/tex/latex/koma-script/scrlfile.sty
Package: scrlfile 2019/02/01 v3.26b KOMA-Script package (loading files)
))
\scr@dte@tocline@numberwidth=\skip56
\scr@dte@tocline@numbox=\box53
)
Package tocbasic Info: setting babel extension for `nlo' on input line 155.
Package tocbasic Info: setting babel extension for `nls' on input line 156.
\nomlabelwidth=\dimen120
\nom@tempdim=\dimen121
\nomitemsep=\skip57
)
\@nomenclaturefile=\write3
\openout3 = `Thesis.nlo'.

Package nomencl Info: Writing nomenclature file Thesis.nlo on input line 66.

(/usr/local/texlive/2019/texmf-dist/tex/generic/oberdiek/ifpdf.sty
Package: ifpdf 2018/09/07 v3.3 Provides the ifpdf switch
)
(/usr/local/texlive/2019/texmf-dist/tex/latex/hyperref/hyperref.sty
Package: hyperref 2018/11/30 v6.88e Hypertext links for LaTeX

(/usr/local/texlive/2019/texmf-dist/tex/generic/oberdiek/hobsub-hyperref.sty
Package: hobsub-hyperref 2016/05/16 v1.14 Bundle oberdiek, subset hyperref (HO)


(/usr/local/texlive/2019/texmf-dist/tex/generic/oberdiek/hobsub-generic.sty
Package: hobsub-generic 2016/05/16 v1.14 Bundle oberdiek, subset generic (HO)
Package: hobsub 2016/05/16 v1.14 Construct package bundles (HO)
Package: infwarerr 2016/05/16 v1.4 Providing info/warning/error messages (HO)
Package: ltxcmds 2016/05/16 v1.23 LaTeX kernel commands for general use (HO)
Package: ifluatex 2016/05/16 v1.4 Provides the ifluatex switch (HO)
Package ifluatex Info: LuaTeX not detected.
Package: ifvtex 2016/05/16 v1.6 Detect VTeX and its facilities (HO)
Package ifvtex Info: VTeX not detected.
Package: intcalc 2016/05/16 v1.2 Expandable calculations with integers (HO)
Package hobsub Info: Skipping package `ifpdf' (already loaded).
Package: etexcmds 2016/05/16 v1.6 Avoid name clashes with e-TeX commands (HO)
Package: kvsetkeys 2016/05/16 v1.17 Key value parser (HO)
Package: kvdefinekeys 2016/05/16 v1.4 Define keys (HO)
Package: pdftexcmds 2018/09/10 v0.29 Utility functions of pdfTeX for LuaTeX (HO
)
Package pdftexcmds Info: LuaTeX not detected.
Package pdftexcmds Info: \pdf@primitive is available.
Package pdftexcmds Info: \pdf@ifprimitive is available.
Package pdftexcmds Info: \pdfdraftmode found.
Package: pdfescape 2016/05/16 v1.14 Implements pdfTeX's escape features (HO)
Package: bigintcalc 2016/05/16 v1.4 Expandable calculations on big integers (HO
)
Package: bitset 2016/05/16 v1.2 Handle bit-vector datatype (HO)
Package: uniquecounter 2016/05/16 v1.3 Provide unlimited unique counter (HO)
)
Package hobsub Info: Skipping package `hobsub' (already loaded).
Package: letltxmacro 2016/05/16 v1.5 Let assignment for LaTeX macros (HO)
Package: hopatch 2016/05/16 v1.3 Wrapper for package hooks (HO)
Package: xcolor-patch 2016/05/16 xcolor patch
Package: atveryend 2016/05/16 v1.9 Hooks at the very end of document (HO)
Package atveryend Info: \enddocument detected (standard20110627).
Package: atbegshi 2016/06/09 v1.18 At begin shipout hook (HO)
Package: refcount 2016/05/16 v3.5 Data extraction from label references (HO)
Package: hycolor 2016/05/16 v1.8 Color options for hyperref/bookmark (HO)
)
(/usr/local/texlive/2019/texmf-dist/tex/generic/ifxetex/ifxetex.sty
Package: ifxetex 2010/09/12 v0.6 Provides ifxetex conditional
)
(/usr/local/texlive/2019/texmf-dist/tex/latex/oberdiek/auxhook.sty
Package: auxhook 2016/05/16 v1.4 Hooks for auxiliary files (HO)
)
(/usr/local/texlive/2019/texmf-dist/tex/latex/oberdiek/kvoptions.sty
Package: kvoptions 2016/05/16 v3.12 Key value format for package options (HO)
)
\@linkdim=\dimen122
\Hy@linkcounter=\count104
\Hy@pagecounter=\count105

(/usr/local/texlive/2019/texmf-dist/tex/latex/hyperref/pd1enc.def
File: pd1enc.def 2018/11/30 v6.88e Hyperref: PDFDocEncoding definition (HO)
Now handling font encoding PD1 ...
... no UTF-8 mapping file for font encoding PD1
)
\Hy@SavedSpaceFactor=\count106

(/usr/local/texlive/2019/texmf-dist/tex/latex/latexconfig/hyperref.cfg
File: hyperref.cfg 2002/06/06 v1.2 hyperref configuration of TeXLive
)
Package hyperref Info: Option `plainpages' set `false' on input line 4393.
Package hyperref Info: Option `pdfpagelabels' set `true' on input line 4393.
Package hyperref Info: Option `bookmarks' set `true' on input line 4393.
Package hyperref Info: Option `bookmarksopen' set `false' on input line 4393.
Package hyperref Info: Option `bookmarksnumbered' set `true' on input line 4393
.
Package hyperref Info: Option `breaklinks' set `true' on input line 4393.
Package hyperref Info: Option `linktocpage' set `true' on input line 4393.
Package hyperref Info: Option `colorlinks' set `false' on input line 4393.
Package hyperref Info: Option `hyperindex' set `true' on input line 4393.
Package hyperref Info: Option `hyperfigures' set `true' on input line 4393.
Package hyperref Info: Hyper figures ON on input line 4517.
Package hyperref Info: Link nesting OFF on input line 4524.
Package hyperref Info: Hyper index ON on input line 4527.
Package hyperref Info: Plain pages OFF on input line 4534.
Package hyperref Info: Backreferencing ON on input line 4537.
Package hyperref Info: Implicit mode ON; LaTeX internals redefined.
Package hyperref Info: Bookmarks ON on input line 4772.

(/usr/local/texlive/2019/texmf-dist/tex/latex/hyperref/backref.sty
Package: backref 2016/05/21 v1.39 Bibliographical back referencing

(/usr/local/texlive/2019/texmf-dist/tex/latex/oberdiek/rerunfilecheck.sty
Package: rerunfilecheck 2016/05/16 v1.8 Rerun checks for auxiliary files (HO)
Package uniquecounter Info: New unique counter `rerunfilecheck' on input line 2
82.
))
\c@Hy@tempcnt=\count107

(/usr/local/texlive/2019/texmf-dist/tex/latex/url/url.sty
\Urlmuskip=\muskip10
Package: url 2013/09/16  ver 3.4  Verb mode for urls, etc.
)
LaTeX Info: Redefining \url on input line 5125.
\XeTeXLinkMargin=\dimen123
\Fld@menulength=\count108
\Field@Width=\dimen124
\Fld@charsize=\dimen125
Package hyperref Info: Hyper figures ON on input line 6378.
Package hyperref Info: Link nesting OFF on input line 6385.
Package hyperref Info: Hyper index ON on input line 6388.
Package hyperref Info: backreferencing ON on input line 6393.
Package hyperref Info: Link coloring OFF on input line 6400.
Package hyperref Info: Link coloring with OCG OFF on input line 6405.
Package hyperref Info: PDF/A mode OFF on input line 6410.
LaTeX Info: Redefining \ref on input line 6450.
LaTeX Info: Redefining \pageref on input line 6454.
\Hy@abspage=\count109
\c@Item=\count110
\c@Hfootnote=\count111
)
Package hyperref Info: Driver: hpdftex.

(/usr/local/texlive/2019/texmf-dist/tex/latex/hyperref/hpdftex.def
File: hpdftex.def 2018/11/30 v6.88e Hyperref driver for pdfTeX
\Fld@listcount=\count112
\c@bookmark@seq@number=\count113
\Hy@SectionHShift=\skip58
)
(/usr/local/texlive/2019/texmf-dist/tex/latex/graphics/graphicx.sty
Package: graphicx 2017/06/01 v1.1a Enhanced LaTeX Graphics (DPC,SPQR)
\Gin@req@height=\dimen126
\Gin@req@width=\dimen127
))
\@input{Latex/Macros/MacroFile1.aux}
\openout2 = `Latex/Macros/MacroFile1.aux'.

(./Latex/Macros/MacroFile1.tex)
(/usr/local/texlive/2019/texmf-dist/tex/latex/adjustbox/adjustbox.sty
Package: adjustbox 2019/01/04 v1.2 Adjusting TeX boxes (trim, clip, ...)

(/usr/local/texlive/2019/texmf-dist/tex/latex/adjustbox/adjcalc.sty
Package: adjcalc 2012/05/16 v1.1 Provides advanced setlength with multiple back
-ends (calc, etex, pgfmath)
)
(/usr/local/texlive/2019/texmf-dist/tex/latex/adjustbox/trimclip.sty
Package: trimclip 2018/04/08 v1.1 Trim and clip general TeX material

(/usr/local/texlive/2019/texmf-dist/tex/latex/collectbox/collectbox.sty
Package: collectbox 2012/05/17 v0.4b Collect macro arguments as boxes
\collectedbox=\box54
)
\tc@llx=\dimen128
\tc@lly=\dimen129
\tc@urx=\dimen130
\tc@ury=\dimen131
Package trimclip Info: Using driver 'tc-pdftex.def'.

(/usr/local/texlive/2019/texmf-dist/tex/latex/adjustbox/tc-pdftex.def
File: tc-pdftex.def 2019/01/04 v2.2 Clipping driver for pdftex
))
\adjbox@Width=\dimen132
\adjbox@Height=\dimen133
\adjbox@Depth=\dimen134
\adjbox@Totalheight=\dimen135
\adjbox@pwidth=\dimen136
\adjbox@pheight=\dimen137
\adjbox@pdepth=\dimen138
\adjbox@ptotalheight=\dimen139

(/usr/local/texlive/2019/texmf-dist/tex/latex/ifoddpage/ifoddpage.sty
Package: ifoddpage 2016/04/23 v1.1 Conditionals for odd/even page detection
\c@checkoddpage=\count114
)
(/usr/local/texlive/2019/texmf-dist/tex/latex/varwidth/varwidth.sty
Package: varwidth 2009/03/30 ver 0.92;  Variable-width minipages
\@vwid@box=\box55
\sift@deathcycles=\count115
\@vwid@loff=\dimen140
\@vwid@roff=\dimen141
))
(/usr/local/texlive/2019/texmf-dist/tex/latex/appendix/appendix.sty
Package: appendix 2009/09/02 v1.2b extra appendix facilities
\c@@pps=\count116
\c@@ppsavesec=\count117
\c@@ppsaveapp=\count118
)
(/usr/local/texlive/2019/texmf-dist/tex/latex/amsmath/amsmath.sty
Package: amsmath 2018/12/01 v2.17b AMS math features
\@mathmargin=\skip59

For additional information on amsmath, use the `?' option.
(/usr/local/texlive/2019/texmf-dist/tex/latex/amsmath/amstext.sty
Package: amstext 2000/06/29 v2.01 AMS text

(/usr/local/texlive/2019/texmf-dist/tex/latex/amsmath/amsgen.sty
File: amsgen.sty 1999/11/30 v2.0 generic functions
\@emptytoks=\toks18
\ex@=\dimen142
))
(/usr/local/texlive/2019/texmf-dist/tex/latex/amsmath/amsbsy.sty
Package: amsbsy 1999/11/29 v1.2d Bold Symbols
\pmbraise@=\dimen143
)
(/usr/local/texlive/2019/texmf-dist/tex/latex/amsmath/amsopn.sty
Package: amsopn 2016/03/08 v2.02 operator names
)
\inf@bad=\count119
LaTeX Info: Redefining \frac on input line 223.
\uproot@=\count120
\leftroot@=\count121
LaTeX Info: Redefining \overline on input line 385.
\classnum@=\count122
\DOTSCASE@=\count123
LaTeX Info: Redefining \ldots on input line 482.
LaTeX Info: Redefining \dots on input line 485.
LaTeX Info: Redefining \cdots on input line 606.
\Mathstrutbox@=\box56
\strutbox@=\box57
\big@size=\dimen144
LaTeX Font Info:    Redeclaring font encoding OML on input line 729.
LaTeX Font Info:    Redeclaring font encoding OMS on input line 730.
\macc@depth=\count124
\c@MaxMatrixCols=\count125
\dotsspace@=\muskip11
\c@parentequation=\count126
\dspbrk@lvl=\count127
\tag@help=\toks19
\row@=\count128
\column@=\count129
\maxfields@=\count130
\andhelp@=\toks20
\eqnshift@=\dimen145
\alignsep@=\dimen146
\tagshift@=\dimen147
\tagwidth@=\dimen148
\totwidth@=\dimen149
\lineht@=\dimen150
\@envbody=\toks21
\multlinegap=\skip60
\multlinetaggap=\skip61
\mathdisplay@stack=\toks22
LaTeX Info: Redefining \[ on input line 2844.
LaTeX Info: Redefining \] on input line 2845.
)
(/usr/local/texlive/2019/texmf-dist/tex/latex/amscls/amsthm.sty
Package: amsthm 2017/10/31 v2.20.4
\thm@style=\toks23
\thm@bodyfont=\toks24
\thm@headfont=\toks25
\thm@notefont=\toks26
\thm@headpunct=\toks27
\thm@preskip=\skip62
\thm@postskip=\skip63
\thm@headsep=\skip64
\dth@everypar=\toks28
)
(/usr/local/texlive/2019/texmf-dist/tex/latex/tools/array.sty
Package: array 2018/12/30 v2.4k Tabular extension package (FMi)
\col@sep=\dimen151
\ar@mcellbox=\box58
\extrarowheight=\dimen152
\NC@list=\toks29
\extratabsurround=\skip65
\backup@length=\skip66
\ar@cellbox=\box59
)
(/usr/local/texlive/2019/texmf-dist/tex/latex/booktabs/booktabs.sty
Package: booktabs 2016/04/27 v1.618033 publication quality tables
\heavyrulewidth=\dimen153
\lightrulewidth=\dimen154
\cmidrulewidth=\dimen155
\belowrulesep=\dimen156
\belowbottomsep=\dimen157
\aboverulesep=\dimen158
\abovetopsep=\dimen159
\cmidrulesep=\dimen160
\cmidrulekern=\dimen161
\defaultaddspace=\dimen162
\@cmidla=\count131
\@cmidlb=\count132
\@aboverulesep=\dimen163
\@belowrulesep=\dimen164
\@thisruleclass=\count133
\@lastruleclass=\count134
\@thisrulewidth=\dimen165
)
(/usr/local/texlive/2019/texmf-dist/tex/latex/enumitem/enumitem.sty
Package: enumitem 2019/02/04 v3.8 Customized lists
\labelindent=\skip67
\enit@outerparindent=\dimen166
\enit@toks=\toks30
\enit@inbox=\box60
\enit@count@id=\count135
\enitdp@description=\count136
)
(/usr/local/texlive/2019/texmf-dist/tex/latex/float/float.sty
Package: float 2001/11/08 v1.3d Float enhancements (AL)
\c@float@type=\count137
\float@exts=\toks31
\float@box=\box61
\@float@everytoks=\toks32
\@floatcapt=\box62
)
(/usr/local/texlive/2019/texmf-dist/tex/latex/listings/listings.sty
\lst@mode=\count138
\lst@gtempboxa=\box63
\lst@token=\toks33
\lst@length=\count139
\lst@currlwidth=\dimen167
\lst@column=\count140
\lst@pos=\count141
\lst@lostspace=\dimen168
\lst@width=\dimen169
\lst@newlines=\count142
\lst@lineno=\count143
\lst@maxwidth=\dimen170

(/usr/local/texlive/2019/texmf-dist/tex/latex/listings/lstmisc.sty
File: lstmisc.sty 2019/02/27 1.8b (Carsten Heinz)
\c@lstnumber=\count144
\lst@skipnumbers=\count145
\lst@framebox=\box64
)
(/usr/local/texlive/2019/texmf-dist/tex/latex/listings/listings.cfg
File: listings.cfg 2019/02/27 1.8b listings configuration
))
Package: listings 2019/02/27 1.8b (Carsten Heinz)

(/usr/local/texlive/2019/texmf-dist/tex/latex/multirow/multirow.sty
Package: multirow 2019/01/01 v2.4 Span multiple rows of a table
\multirow@colwidth=\skip68
\multirow@cntb=\count146
\multirow@dima=\skip69
\bigstrutjot=\dimen171
)
(/usr/local/texlive/2019/texmf-dist/tex/latex/caption/subcaption.sty
Package: subcaption 2018/05/01 v1.1-162 Sub-captions (AR)
\c@subfigure=\count147
\c@subtable=\count148
)
(/usr/local/texlive/2019/texmf-dist/tex/latex/tools/tabularx.sty
Package: tabularx 2016/02/03 v2.11b `tabularx' package (DPC)
\TX@col@width=\dimen172
\TX@old@table=\dimen173
\TX@old@col=\dimen174
\TX@target=\dimen175
\TX@delta=\dimen176
\TX@cols=\count149
\TX@ftn=\toks34
)
(/usr/local/texlive/2019/texmf-dist/tex/latex/xcolor/xcolor.sty
Package: xcolor 2016/05/11 v2.12 LaTeX color extensions (UK)

(/usr/local/texlive/2019/texmf-dist/tex/latex/graphics-cfg/color.cfg
File: color.cfg 2016/01/02 v1.6 sample color configuration
)
Package xcolor Info: Driver file: pdftex.def on input line 225.

(/usr/local/texlive/2019/texmf-dist/tex/latex/colortbl/colortbl.sty
Package: colortbl 2018/12/12 v1.0d Color table columns (DPC)
\everycr=\toks35
\minrowclearance=\skip70
)
LaTeX Info: Redefining \color on input line 709.
\rownum=\count150
Package xcolor Info: Model `cmy' substituted by `cmy0' on input line 1348.
Package xcolor Info: Model `hsb' substituted by `rgb' on input line 1352.
Package xcolor Info: Model `RGB' extended on input line 1364.
Package xcolor Info: Model `HTML' substituted by `rgb' on input line 1366.
Package xcolor Info: Model `Hsb' substituted by `hsb' on input line 1367.
Package xcolor Info: Model `tHsb' substituted by `hsb' on input line 1368.
Package xcolor Info: Model `HSB' substituted by `hsb' on input line 1369.
Package xcolor Info: Model `Gray' substituted by `gray' on input line 1370.
Package xcolor Info: Model `wave' substituted by `hsb' on input line 1371.
)
(/usr/local/texlive/2019/texmf-dist/tex/latex/listings/lstlang1.sty
File: lstlang1.sty 2019/02/27 1.8b listings language file
)
(/usr/local/texlive/2019/texmf-dist/tex/latex/chngcntr/chngcntr.sty
Package: chngcntr 2018/04/09 v1.1a change counter resetting
Package chngcntr Info: \counterwithout already defined.
(chngcntr)             Quitting chngcntr on input line 21.
)
(./Thesis.aux (./intro/dedication.aux) (./intro/acknowledgement.aux)
(./intro/abstract.aux) (./intro/acronyms.aux) (./intro/intro.aux)
(./soa/soa.aux) (./hypothesis/hypothesis.aux) (./scalability/scalability.aux)
(./explainability/explainability.aux) (./comparisons/comparisons.aux)
(./multilinguality/multilinguality.aux) (./experiments/experiments.aux)
(./conclusions/conclusions.aux))
\openout1 = `Thesis.aux'.

LaTeX Font Info:    Checking defaults for OML/cmm/m/it on input line 201.
LaTeX Font Info:    ... okay on input line 201.
LaTeX Font Info:    Checking defaults for T1/cmr/m/n on input line 201.
LaTeX Font Info:    ... okay on input line 201.
LaTeX Font Info:    Checking defaults for OT1/cmr/m/n on input line 201.
LaTeX Font Info:    ... okay on input line 201.
LaTeX Font Info:    Checking defaults for OMS/cmsy/m/n on input line 201.
LaTeX Font Info:    ... okay on input line 201.
LaTeX Font Info:    Checking defaults for OMX/cmex/m/n on input line 201.
LaTeX Font Info:    ... okay on input line 201.
LaTeX Font Info:    Checking defaults for U/cmr/m/n on input line 201.
LaTeX Font Info:    ... okay on input line 201.
LaTeX Font Info:    Checking defaults for PD1/pdf/m/n on input line 201.
LaTeX Font Info:    ... okay on input line 201.

(/usr/local/texlive/2019/texmf-dist/tex/context/base/mkii/supp-pdf.mkii
[Loading MPS to PDF converter (version 2006.09.02).]
\scratchcounter=\count151
\scratchdimen=\dimen177
\scratchbox=\box65
\nofMPsegments=\count152
\nofMParguments=\count153
\everyMPshowfont=\toks36
\MPscratchCnt=\count154
\MPscratchDim=\dimen178
\MPnumerator=\count155
\makeMPintoPDFobject=\count156
\everyMPtoPDFconversion=\toks37
) (/usr/local/texlive/2019/texmf-dist/tex/latex/oberdiek/epstopdf-base.sty
Package: epstopdf-base 2016/05/15 v2.6 Base part for package epstopdf

(/usr/local/texlive/2019/texmf-dist/tex/latex/oberdiek/grfext.sty
Package: grfext 2016/05/16 v1.2 Manage graphics extensions (HO)
)
Package epstopdf-base Info: Redefining graphics rule for `.eps' on input line 4
38.
Package grfext Info: Graphics extension search list:
(grfext)             [.png,.jpg,.jpeg,.pdf,.gif,.eps]
(grfext)             \AppendGraphicsExtensions on input line 456.

(/usr/local/texlive/2019/texmf-dist/tex/latex/latexconfig/epstopdf-sys.cfg
File: epstopdf-sys.cfg 2010/07/13 v1.3 Configuration of (r)epstopdf for TeX Liv
e
))
Package caption Info: Begin \AtBeginDocument code.
Package caption Info: float package is loaded.
Package caption Info: hyperref package is loaded.
Package caption Info: listings package is loaded.
Package caption Info: End \AtBeginDocument code.
\AtBeginShipoutBox=\box66
Package backref Info: ** backref set up for natbib ** on input line 201.
Package hyperref Info: Link coloring OFF on input line 201.

(/usr/local/texlive/2019/texmf-dist/tex/latex/hyperref/nameref.sty
Package: nameref 2016/05/21 v2.44 Cross-referencing by name of section

(/usr/local/texlive/2019/texmf-dist/tex/generic/oberdiek/gettitlestring.sty
Package: gettitlestring 2016/05/16 v1.5 Cleanup title references (HO)
)
\c@section@level=\count157
)
LaTeX Info: Redefining \ref on input line 201.
LaTeX Info: Redefining \pageref on input line 201.
LaTeX Info: Redefining \nameref on input line 201.

(./Thesis.out) (./Thesis.out)
\@outlinefile=\write4
\openout4 = `Thesis.out'.

\c@lstlisting=\count158
\c@thm=\count159
LaTeX Font Info:    Try loading font information for U+msa on input line 224.

(/usr/local/texlive/2019/texmf-dist/tex/latex/amsfonts/umsa.fd
File: umsa.fd 2013/01/14 v3.01 AMS symbols A
)
LaTeX Font Info:    Try loading font information for U+msb on input line 224.

(/usr/local/texlive/2019/texmf-dist/tex/latex/amsfonts/umsb.fd
File: umsb.fd 2013/01/14 v3.01 AMS symbols B
)
<intro/figures/escudofi.pdf, id=406, 160.6pt x 170.6375pt>
File: intro/figures/escudofi.pdf Graphic file (type pdf)
<use intro/figures/escudofi.pdf>
Package pdftex.def Info: intro/figures/escudofi.pdf  used on input line 224.
(pdftex.def)             Requested size: 56.9055pt x 60.46086pt.
 [1




{/usr/local/texlive/2019/texmf-var/fonts/map/pdftex/updmap/pdftex.map} <./intro
/figures/escudofi.pdf>] [2

] [3] [4

]
\openout2 = `intro/dedication.aux'.

 (./intro/dedication.tex [5

]) [6


]
\openout2 = `intro/acknowledgement.aux'.


(./intro/acknowledgement.tex [7

]) [8


]
\openout2 = `intro/abstract.aux'.

 (./intro/abstract.tex [9

] [10

] [11])
[12


] (./Thesis.toc [13

] [14] [15])
\tf@toc=\write5
\openout5 = `Thesis.toc'.

 [16] (./Thesis.lof [17

] [18]
Overfull \hbox (75.75157pt too wide) in paragraph at lines 57--57
 [][] []\OT1/cmr/m/n/10.95 topic dis-tri-bu-tions from the same doc-u-ment in E
n-glish ($\OML/cmm/m/it/10.95 h[] \OT1/cmr/m/n/10.95 = \OMS/cmsy/m/n/10.95 f\OT
1/cmr/m/n/10.95 (\OML/cmm/m/it/10.95 t\OT1/cmr/m/n/10.95 3062)\OML/cmm/m/it/10.
95 ; \OT1/cmr/m/n/10.95 (\OML/cmm/m/it/10.95 t\OT1/cmr/m/n/10.95 335)\OML/cmm/m
/it/10.95 ; \OT1/cmr/m/n/10.95 (\OML/cmm/m/it/10.95 t\OT1/cmr/m/n/10.95 8278)\O
MS/cmsy/m/n/10.95 g$\OT1/cmr/m/n/10.95 ) 
 []


Underfull \vbox (badness 6188) has occurred while \output is active []

 [19])
\tf@lof=\write6
\openout6 = `Thesis.lof'.


[20] (./Thesis.lot [21

] [22])
\tf@lot=\write7
\openout7 = `Thesis.lot'.

 [23]
\openout2 = `intro/acronyms.aux'.

 (./intro/acronyms.tex [24


]) [25] [26


]
\openout2 = `intro/intro.aux'.


(./intro/intro.tex
Chapter 1.
[1


] [2] [3]
LaTeX Font Info:    Try loading font information for OMS+cmr on input line 36.
 (/usr/local/texlive/2019/texmf-dist/tex/latex/base/omscmr.fd
File: omscmr.fd 2014/09/29 v2.5h Standard LaTeX font definitions
)
LaTeX Font Info:    Font shape `OMS/cmr/m/n' in size <10.95> not available
(Font)              Font shape `OMS/cmsy/m/n' tried instead on input line 36.

[4] [5] [6]) [7]
\openout2 = `soa/soa.aux'.

 (./soa/soa.tex [8



]
Chapter 2.
[9] [10] [11] [12] [13] [14] [15]
<soa/figures/KL_100_2k.png, id=1083, 1233.60875pt x 738.76pt>
File: soa/figures/KL_100_2k.png Graphic file (type png)
<use soa/figures/KL_100_2k.png>
Package pdftex.def Info: soa/figures/KL_100_2k.png  used on input line 133.
(pdftex.def)             Requested size: 206.28247pt x 123.52466pt.
<soa/figures/JSD_100_2k.png, id=1085, 1239.63126pt x 732.7375pt>
File: soa/figures/JSD_100_2k.png Graphic file (type png)
<use soa/figures/JSD_100_2k.png>
Package pdftex.def Info: soa/figures/JSD_100_2k.png  used on input line 138.
(pdftex.def)             Requested size: 206.28247pt x 121.9251pt.
<soa/figures/He_100_2k.png, id=1086, 1243.64626pt x 747.79375pt>
File: soa/figures/He_100_2k.png Graphic file (type png)
<use soa/figures/He_100_2k.png>
Package pdftex.def Info: soa/figures/He_100_2k.png  used on input line 143.
(pdftex.def)             Requested size: 206.28247pt x 124.03104pt.
<soa/figures/S2JSD_100_2k.png, id=1087, 1242.6425pt x 732.7375pt>
File: soa/figures/S2JSD_100_2k.png Graphic file (type png)
<use soa/figures/S2JSD_100_2k.png>
Package pdftex.def Info: soa/figures/S2JSD_100_2k.png  used on input line 148.
(pdftex.def)             Requested size: 206.28247pt x 121.63438pt.


LaTeX Warning: Float too large for page by 66.58952pt on input line 154.

[16] [17 <./soa/figures/KL_100_2k.png> <./soa/figures/JSD_100_2k.png> <./soa/fi
gures/He_100_2k.png> <./soa/figures/S2JSD_100_2k.png>] [18] [19] [20]) [21]
\openout2 = `hypothesis/hypothesis.aux'.


(./hypothesis/hypothesis.tex [22



]
Chapter 3.
[23] [24] [25] [26] [27] [28] [29] [30]
<hypothesis/figures/dimensions.png, id=1306, 1654.18pt x 982.67125pt>
File: hypothesis/figures/dimensions.png Graphic file (type png)
<use hypothesis/figures/dimensions.png>
Package pdftex.def Info: hypothesis/figures/dimensions.png  used on input line 
161.
(pdftex.def)             Requested size: 397.0113pt x 235.84592pt.
 [31 <./hypothesis/figures/dimensions.png>] [32]) [33] [34]
\openout2 = `scalability/scalability.aux'.

 (./scalability/scalability.tex
Chapter 4.
[35



]
<scalability/figures/life-cycle.png, id=1370, 1901.1025pt x 428.60126pt>
File: scalability/figures/life-cycle.png Graphic file (type png)
<use scalability/figures/life-cycle.png>
Package pdftex.def Info: scalability/figures/life-cycle.png  used on input line
 25.
(pdftex.def)             Requested size: 399.2433pt x 90.00891pt.
 [36 <./scalability/figures/life-cycle.png>]
<scalability/figures/model.png, id=1381, 677.8926pt x 428.3202pt>
File: scalability/figures/model.png Graphic file (type png)
<use scalability/figures/model.png>
Package pdftex.def Info: scalability/figures/model.png  used on input line 52.
(pdftex.def)             Requested size: 372.84209pt x 235.57683pt.
 [37]
<scalability/figures/model-domain.png, id=1397, 623.4492pt x 128.6406pt>
File: scalability/figures/model-domain.png Graphic file (type png)
<use scalability/figures/model-domain.png>
Package pdftex.def Info: scalability/figures/model-domain.png  used on input li
ne 76.
(pdftex.def)             Requested size: 280.54955pt x 57.88773pt.
 [38 <./scalability/figures/model.png>] [39 <./scalability/figures/model-domain
.png>]
<scalability/figures/model-document.png, id=1426, 647.0574pt x 185.493pt>
File: scalability/figures/model-document.png Graphic file (type png)
<use scalability/figures/model-document.png>
Package pdftex.def Info: scalability/figures/model-document.png  used on input 
line 108.
(pdftex.def)             Requested size: 291.17314pt x 83.47107pt.
 [40 <./scalability/figures/model-document.png>]
<scalability/figures/model-annotation.png, id=1436, 1029.6066pt x 350.2686pt>
File: scalability/figures/model-annotation.png Graphic file (type png)
<use scalability/figures/model-annotation.png>
Package pdftex.def Info: scalability/figures/model-annotation.png  used on inpu
t line 139.
(pdftex.def)             Requested size: 411.83534pt x 140.10495pt.
 [41] [42 <./scalability/figures/model-annotation.png>]
<scalability/figures/resource-states.png, id=1452, 1031.052pt x 190.311pt>
File: scalability/figures/resource-states.png Graphic file (type png)
<use scalability/figures/resource-states.png>
Package pdftex.def Info: scalability/figures/resource-states.png  used on input
 line 163.
(pdftex.def)             Requested size: 309.318pt x 57.09373pt.
<scalability/figures/modules.png, id=1455, 509.7444pt x 375.3222pt>
File: scalability/figures/modules.png Graphic file (type png)
<use scalability/figures/modules.png>
Package pdftex.def Info: scalability/figures/modules.png  used on input line 17
5.
(pdftex.def)             Requested size: 229.38286pt x 168.89343pt.
 [43 <./scalability/figures/resource-states.png>] [44 <./scalability/figures/mo
dules.png>]
<scalability/figures/librairy-sequence.png, id=1501, 735.2268pt x 518.8986pt>
File: scalability/figures/librairy-sequence.png Graphic file (type png)
<use scalability/figures/librairy-sequence.png>
Package pdftex.def Info: scalability/figures/librairy-sequence.png  used on inp
ut line 210.
(pdftex.def)             Requested size: 330.849pt x 233.5022pt.
 [45] [46 <./scalability/figures/librairy-sequence.png>]
<scalability/figures/topic-model-swagger.png, id=1525, 874.26625pt x 970.62625p
t>
File: scalability/figures/topic-model-swagger.png Graphic file (type png)
<use scalability/figures/topic-model-swagger.png>
Package pdftex.def Info: scalability/figures/topic-model-swagger.png  used on i
nput line 246.
(pdftex.def)             Requested size: 393.41617pt x 436.77779pt.

[47] [48 <./scalability/figures/topic-model-swagger.png>]
Underfull \vbox (badness 6032) has occurred while \output is active []

 [49]
[50] [51] [52]) [53]
\openout2 = `explainability/explainability.aux'.

 (./explainability/explainability.tex [54



]
Chapter 5.
[55]
<explainability/figures/internal-external.png, id=1629, 974.64125pt x 680.5425p
t>
File: explainability/figures/internal-external.png Graphic file (type png)
<use explainability/figures/internal-external.png>
Package pdftex.def Info: explainability/figures/internal-external.png  used on 
input line 32.
(pdftex.def)             Requested size: 233.91867pt x 163.33353pt.
 [56] [57 <./explainability/figures/internal-external.png>]
<explainability/figures/similarity-experiment.png, id=1658, 950.55125pt x 639.3
8875pt>
File: explainability/figures/similarity-experiment.png Graphic file (type png)
<use explainability/figures/similarity-experiment.png>
Package pdftex.def Info: explainability/figures/similarity-experiment.png  used
 on input line 48.
(pdftex.def)             Requested size: 380.21376pt x 255.75096pt.
 [58 <./explainability/figures/similarity-experiment.png>] [59]
<explainability/figures/size.png, id=1687, 644.4075pt x 397.485pt>
File: explainability/figures/size.png Graphic file (type png)
<use explainability/figures/size.png>
Package pdftex.def Info: explainability/figures/size.png  used on input line 91
.
(pdftex.def)             Requested size: 202.15909pt x 124.69896pt.
<explainability/figures/relativeSize.png, id=1688, 715.67375pt x 441.65pt>
File: explainability/figures/relativeSize.png Graphic file (type png)
<use explainability/figures/relativeSize.png>
Package pdftex.def Info: explainability/figures/relativeSize.png  used on input
 line 95.
(pdftex.def)             Requested size: 202.15909pt x 124.75287pt.
 [60 <./explainability/figures/size.png> <./explainability/figures/relativeSize
.png>]
Overfull \hbox (12.40543pt too wide) in paragraph at lines 106--116
 [][] 
 []

[61]
<explainability/figures/similarities.png, id=1718, 590.205pt x 361.35pt>
File: explainability/figures/similarities.png Graphic file (type png)
<use explainability/figures/similarities.png>
Package pdftex.def Info: explainability/figures/similarities.png  used on input
 line 127.
(pdftex.def)             Requested size: 202.15909pt x 123.76714pt.
<explainability/figures/articlesTopic.png, id=1719, 590.205pt x 361.35pt>
File: explainability/figures/articlesTopic.png Graphic file (type png)
<use explainability/figures/articlesTopic.png>
Package pdftex.def Info: explainability/figures/articlesTopic.png  used on inpu
t line 131.
(pdftex.def)             Requested size: 202.15909pt x 123.76714pt.
<explainability/figures/precision.png, id=1721, 645.41125pt x 396.48125pt>
File: explainability/figures/precision.png Graphic file (type png)
<use explainability/figures/precision.png>
Package pdftex.def Info: explainability/figures/precision.png  used on input li
ne 140.
(pdftex.def)             Requested size: 202.15909pt x 124.18442pt.
<explainability/figures/recall.png, id=1722, 645.41125pt x 396.48125pt>
File: explainability/figures/recall.png Graphic file (type png)
<use explainability/figures/recall.png>
Package pdftex.def Info: explainability/figures/recall.png  used on input line 
144.
(pdftex.def)             Requested size: 202.15909pt x 124.18442pt.
 [62 <./explainability/figures/similarities.png> <./explainability/figures/arti
clesTopic.png>]
<explainability/figures/fmeasure.png, id=1732, 630.355pt x 385.44pt>
File: explainability/figures/fmeasure.png Graphic file (type png)
<use explainability/figures/fmeasure.png>
Package pdftex.def Info: explainability/figures/fmeasure.png  used on input lin
e 155.
(pdftex.def)             Requested size: 202.15909pt x 123.61386pt.
<explainability/figures/stdeviation.png, id=1733, 593.21625pt x 361.35pt>
File: explainability/figures/stdeviation.png Graphic file (type png)
<use explainability/figures/stdeviation.png>
Package pdftex.def Info: explainability/figures/stdeviation.png  used on input 
line 159.
(pdftex.def)             Requested size: 202.15909pt x 123.14409pt.
 [63 <./explainability/figures/precision.png> <./explainability/figures/recall.
png> <./explainability/figures/fmeasure.png> <./explainability/figures/stdeviat
ion.png>] [64]
<explainability/figures/lda-cluster.png, id=1749, 1005.7575pt x 365.365pt>
File: explainability/figures/lda-cluster.png Graphic file (type png)
<use explainability/figures/lda-cluster.png>
Package pdftex.def Info: explainability/figures/lda-cluster.png  used on input 
line 181.
(pdftex.def)             Requested size: 372.12445pt x 135.18292pt.
 [65 <./explainability/figures/lda-cluster.png>] [66]
<explainability/figures/tdc-cluster.png, id=1766, 933.98938pt x 231.36438pt>
File: explainability/figures/tdc-cluster.png Graphic file (type png)
<use explainability/figures/tdc-cluster.png>
Package pdftex.def Info: explainability/figures/tdc-cluster.png  used on input 
line 215.
(pdftex.def)             Requested size: 308.21745pt x 76.35046pt.
<explainability/figures/rdc-cluster.png, id=1771, 981.6675pt x 229.35687pt>
File: explainability/figures/rdc-cluster.png Graphic file (type png)
<use explainability/figures/rdc-cluster.png>
Package pdftex.def Info: explainability/figures/rdc-cluster.png  used on input 
line 233.
(pdftex.def)             Requested size: 323.95128pt x 75.68799pt.
 [67 <./explainability/figures/tdc-cluster.png>]
<explainability/figures/crdc-cluster.png, id=1780, 869.2475pt x 324.21124pt>
File: explainability/figures/crdc-cluster.png Graphic file (type png)
<use explainability/figures/crdc-cluster.png>
Package pdftex.def Info: explainability/figures/crdc-cluster.png  used on input
 line 252.
(pdftex.def)             Requested size: 286.85255pt x 106.99004pt.
 [68 <./explainability/figures/rdc-cluster.png>]
Underfull \vbox (badness 1939) has occurred while \output is active []

 [69 <./explainability/figures/crdc-cluster.png>]
<explainability/figures/similarity-threshold.png, id=1802, 735.74875pt x 450.68
375pt>
File: explainability/figures/similarity-threshold.png Graphic file (type png)
<use explainability/figures/similarity-threshold.png>
Package pdftex.def Info: explainability/figures/similarity-threshold.png  used 
on input line 276.
(pdftex.def)             Requested size: 242.79784pt x 148.72609pt.
 [70 <./explainability/figures/similarity-threshold.png>] [71] [72]
<explainability/figures/effectivenessJS.png, id=1840, 906.38625pt x 559.08875pt
>
File: explainability/figures/effectivenessJS.png Graphic file (type png)
<use explainability/figures/effectivenessJS.png>
Package pdftex.def Info: explainability/figures/effectivenessJS.png  used on in
put line 330.
(pdftex.def)             Requested size: 202.15909pt x 124.69757pt.
<explainability/figures/effectivenessHe.png, id=1841, 916.42375pt x 555.07375pt
>
File: explainability/figures/effectivenessHe.png Graphic file (type png)
<use explainability/figures/effectivenessHe.png>
Package pdftex.def Info: explainability/figures/effectivenessHe.png  used on in
put line 334.
(pdftex.def)             Requested size: 202.15909pt x 122.44691pt.
<explainability/figures/clusters.png, id=1842, 861.2175pt x 531.9875pt>
File: explainability/figures/clusters.png Graphic file (type png)
<use explainability/figures/clusters.png>
Package pdftex.def Info: explainability/figures/clusters.png  used on input lin
e 341.
(pdftex.def)             Requested size: 430.6077pt x 265.9931pt.

Overfull \hbox (18.04274pt too wide) in paragraph at lines 341--342
 [] 
 []

[73 <./explainability/figures/effectivenessJS.png> <./explainability/figures/ef
fectivenessHe.png>] [74 <./explainability/figures/clusters.png>]
<explainability/figures/costJS.png, id=1857, 857.2025pt x 522.95375pt>
File: explainability/figures/costJS.png Graphic file (type png)
<use explainability/figures/costJS.png>
Package pdftex.def Info: explainability/figures/costJS.png  used on input line 
430.
(pdftex.def)             Requested size: 202.15909pt x 123.33302pt.
<explainability/figures/costHe.png, id=1858, 849.1725pt x 526.96875pt>
File: explainability/figures/costHe.png Graphic file (type png)
<use explainability/figures/costHe.png>
Package pdftex.def Info: explainability/figures/costHe.png  used on input line 
434.
(pdftex.def)             Requested size: 202.15909pt x 125.45389pt.
 [75]
<explainability/figures/efficiencyJS.png, id=1865, 856.19875pt x 526.96875pt>
File: explainability/figures/efficiencyJS.png Graphic file (type png)
<use explainability/figures/efficiencyJS.png>
Package pdftex.def Info: explainability/figures/efficiencyJS.png  used on input
 line 444.
(pdftex.def)             Requested size: 202.15909pt x 124.42465pt.
<explainability/figures/efficiencyHe.png, id=1866, 855.195pt x 530.98375pt>
File: explainability/figures/efficiencyHe.png Graphic file (type png)
<use explainability/figures/efficiencyHe.png>
Package pdftex.def Info: explainability/figures/efficiencyHe.png  used on input
 line 448.
(pdftex.def)             Requested size: 202.15909pt x 125.51848pt.
<explainability/figures/similaritiesDRM.png, id=1871, 744.7825pt x 449.68pt>
File: explainability/figures/similaritiesDRM.png Graphic file (type png)
<use explainability/figures/similaritiesDRM.png>
Package pdftex.def Info: explainability/figures/similaritiesDRM.png  used on in
put line 458.
(pdftex.def)             Requested size: 372.39034pt x 224.83945pt.
<explainability/figures/effectivenessDRMJS.png, id=1872, 902.37125pt x 545.0362
5pt>
File: explainability/figures/effectivenessDRMJS.png Graphic file (type png)
<use explainability/figures/effectivenessDRMJS.png>
Package pdftex.def Info: explainability/figures/effectivenessDRMJS.png  used on
 input line 465.
(pdftex.def)             Requested size: 202.15909pt x 122.10391pt.
<explainability/figures/effectivenessDRM2JS.png, id=1873, 893.3375pt x 555.0737
5pt>
File: explainability/figures/effectivenessDRM2JS.png Graphic file (type png)
<use explainability/figures/effectivenessDRM2JS.png>
Package pdftex.def Info: explainability/figures/effectivenessDRM2JS.png  used o
n input line 469.
(pdftex.def)             Requested size: 202.15909pt x 125.60612pt.
 [76 <./explainability/figures/costJS.png> <./explainability/figures/costHe.png
> <./explainability/figures/efficiencyJS.png> <./explainability/figures/efficie
ncyHe.png>] [77 <./explainability/figures/similaritiesDRM.png> <./explainabilit
y/figures/effectivenessDRMJS.png> <./explainability/figures/effectivenessDRM2JS
.png>]
[78]) [79]
\openout2 = `comparisons/comparisons.aux'.

 (./comparisons/comparisons.tex [80



]
Chapter 6.
[81] [82]
<comparisons/figures/hashFunctions.png, id=1953, 991.705pt x 513.92pt>
File: comparisons/figures/hashFunctions.png Graphic file (type png)
<use comparisons/figures/hashFunctions.png>
Package pdftex.def Info: comparisons/figures/hashFunctions.png  used on input l
ine 31.
(pdftex.def)             Requested size: 412.56377pt x 256.07324pt.
 [83 <./comparisons/figures/hashFunctions.png>] [84] [85]
<comparisons/figures/threshold-hash.png, id=1978, 540.0175pt x 585.18625pt>
File: comparisons/figures/threshold-hash.png Graphic file (type png)
<use comparisons/figures/threshold-hash.png>
Package pdftex.def Info: comparisons/figures/threshold-hash.png  used on input 
line 94.
(pdftex.def)             Requested size: 189.00896pt x 204.81825pt.
 [86 <./comparisons/figures/threshold-hash.png>]
<comparisons/figures/centroid-hash.png, id=1988, 453.695pt x 586.19pt>
File: comparisons/figures/centroid-hash.png Graphic file (type png)
<use comparisons/figures/centroid-hash.png>
Package pdftex.def Info: comparisons/figures/centroid-hash.png  used on input l
ine 116.
(pdftex.def)             Requested size: 158.79562pt x 205.16957pt.
<comparisons/figures/density-hash.png, id=1991, 424.58624pt x 545.03625pt>
File: comparisons/figures/density-hash.png Graphic file (type png)
<use comparisons/figures/density-hash.png>
Package pdftex.def Info: comparisons/figures/density-hash.png  used on input li
ne 129.
(pdftex.def)             Requested size: 148.6074pt x 190.76555pt.
 [87 <./comparisons/figures/centroid-hash.png>]
<comparisons/figures/doc-similarity-pair1.png, id=2005, 616.3025pt x 373.395pt>

File: comparisons/figures/doc-similarity-pair1.png Graphic file (type png)
<use comparisons/figures/doc-similarity-pair1.png>
Package pdftex.def Info: comparisons/figures/doc-similarity-pair1.png  used on 
input line 151.
(pdftex.def)             Requested size: 202.15909pt x 122.48004pt.
<comparisons/figures/doc-similarity-pair2.png, id=2006, 612.2875pt x 369.38pt>
File: comparisons/figures/doc-similarity-pair2.png Graphic file (type png)
<use comparisons/figures/doc-similarity-pair2.png>
Package pdftex.def Info: comparisons/figures/doc-similarity-pair2.png  used on 
input line 155.
(pdftex.def)             Requested size: 202.15909pt x 121.95776pt.
 [88 <./comparisons/figures/density-hash.png>] [89 <./comparisons/figures/doc-s
imilarity-pair1.png> <./comparisons/figures/doc-similarity-pair2.png>]
[90] [91] [92] [93] [94] [95] [96] [97]
<comparisons/figures/dhhm-pd.png, id=2113, 894.34125pt x 539.01375pt>
File: comparisons/figures/dhhm-pd.png Graphic file (type png)
<use comparisons/figures/dhhm-pd.png>
Package pdftex.def Info: comparisons/figures/dhhm-pd.png  used on input line 47
8.
(pdftex.def)             Requested size: 223.58476pt x 134.7531pt.
<comparisons/figures/chhm-pd.png, id=2114, 893.3375pt x 536.0025pt>
File: comparisons/figures/chhm-pd.png Graphic file (type png)
<use comparisons/figures/chhm-pd.png>
Package pdftex.def Info: comparisons/figures/chhm-pd.png  used on input line 48
4.
(pdftex.def)             Requested size: 223.33382pt x 134.00029pt.
File: comparisons/figures/dhhm-pd.png Graphic file (type png)
<use comparisons/figures/dhhm-pd.png>
Package pdftex.def Info: comparisons/figures/dhhm-pd.png  used on input line 49
1.
(pdftex.def)             Requested size: 223.58476pt x 134.7531pt.
 [98 <./comparisons/figures/dhhm-pd.png>] [99 <./comparisons/figures/chhm-pd.pn
g>]
<comparisons/figures/exploration.png, id=2128, 588.1975pt x 365.365pt>
File: comparisons/figures/exploration.png Graphic file (type png)
<use comparisons/figures/exploration.png>
Package pdftex.def Info: comparisons/figures/exploration.png  used on input lin
e 523.
(pdftex.def)             Requested size: 205.87221pt x 127.87965pt.
 [100 <./comparisons/figures/exploration.png>]) [101]
\openout2 = `multilinguality/multilinguality.aux'.

 (./multilinguality/multilinguality.tex [102



]
Chapter 7.
[103] [104]
<multilinguality/figures/density-hash.png, id=2176, 751.80875pt x 636.3775pt>
File: multilinguality/figures/density-hash.png Graphic file (type png)
<use multilinguality/figures/density-hash.png>
Package pdftex.def Info: multilinguality/figures/density-hash.png  used on inpu
t line 34.
(pdftex.def)             Requested size: 300.71817pt x 254.5465pt.
 [105 <./multilinguality/figures/density-hash.png>]
<multilinguality/figures/topic-dist.png, id=2190, 996.72375pt x 548.0475pt>
File: multilinguality/figures/topic-dist.png Graphic file (type png)
<use multilinguality/figures/topic-dist.png>
Package pdftex.def Info: multilinguality/figures/topic-dist.png  used on input 
line 43.
(pdftex.def)             Requested size: 398.68243pt x 219.2151pt.
 [106 <./multilinguality/figures/topic-dist.png>]
<multilinguality/figures/latent-topic-models.png, id=2207, 942.52126pt x 682.55
pt>
File: multilinguality/figures/latent-topic-models.png Graphic file (type png)
<use multilinguality/figures/latent-topic-models.png>
Package pdftex.def Info: multilinguality/figures/latent-topic-models.png  used 
on input line 65.
(pdftex.def)             Requested size: 377.00183pt x 273.01517pt.
 [107] [108 <./multilinguality/figures/latent-topic-models.png>]
Overfull \hbox (12.97607pt too wide) in paragraph at lines 95--95
 []|\OT1/cmr/m/n/10 telecommunications| 
 []


Overfull \hbox (2.39272pt too wide) in paragraph at lines 95--95
 []|\OT1/cmr/m/n/10 regolamentazione| 
 []

[109] [110] [111] [112] [113]
<multilinguality/figures/workflow.png, id=2310, 1909.1325pt x 818.05624pt>
File: multilinguality/figures/workflow.png Graphic file (type png)
<use multilinguality/figures/workflow.png>
Package pdftex.def Info: multilinguality/figures/workflow.png  used on input li
ne 277.
(pdftex.def)             Requested size: 412.56496pt x 176.7774pt.
 [114]
<multilinguality/figures/PreClean.png, id=2323, 349.305pt x 221.32687pt>
File: multilinguality/figures/PreClean.png Graphic file (type png)
<use multilinguality/figures/PreClean.png>
Package pdftex.def Info: multilinguality/figures/PreClean.png  used on input li
ne 312.
(pdftex.def)             Requested size: 202.15909pt x 128.09273pt.
<multilinguality/figures/cleaned.png, id=2324, 349.305pt x 221.32687pt>
File: multilinguality/figures/cleaned.png Graphic file (type png)
<use multilinguality/figures/cleaned.png>
Package pdftex.def Info: multilinguality/figures/cleaned.png  used on input lin
e 316.
(pdftex.def)             Requested size: 202.15909pt x 128.09273pt.
 [115 <./multilinguality/figures/workflow.png>] [116 <./multilinguality/figures
/PreClean.png> <./multilinguality/figures/cleaned.png>] [117] [118] [119]
<multilinguality/figures/time_comp.png, id=2357, 451.6875pt x 268.00125pt>
File: multilinguality/figures/time_comp.png Graphic file (type png)
<use multilinguality/figures/time_comp.png>
Package pdftex.def Info: multilinguality/figures/time_comp.png  used on input l
ine 447.
(pdftex.def)             Requested size: 330.05322pt x 195.84373pt.

Underfull \vbox (badness 10000) has occurred while \output is active []

 [120])
[121 <./multilinguality/figures/time_comp.png (PNG copy)>] [122]
\openout2 = `experiments/experiments.aux'.


(./experiments/experiments.tex
Chapter 8.
) [123



]
\openout2 = `conclusions/conclusions.aux'.

 (./conclusions/conclusions.tex [124



]
Chapter 9.
) [125] (./Thesis.bbl (./Thesis.brf)
\tf@brf=\write8
\openout8 = `Thesis.brf'.

 [126


] [127] [128] [129] [130] [131]
[132] [133] [134]
LaTeX Font Info:    Font shape `OMS/cmr/m/it' in size <10.95> not available
(Font)              Font shape `OMS/cmsy/m/n' tried instead on input line 505.
 [135] [136] [137] [138])
Package atveryend Info: Empty hook `BeforeClearDocument' on input line 359.
 [139]
Package atveryend Info: Empty hook `AfterLastShipout' on input line 359.
 (./Thesis.aux
(./intro/dedication.aux) (./intro/acknowledgement.aux) (./intro/abstract.aux)
(./intro/acronyms.aux) (./intro/intro.aux) (./soa/soa.aux)
(./hypothesis/hypothesis.aux) (./scalability/scalability.aux)
(./explainability/explainability.aux) (./comparisons/comparisons.aux)
(./multilinguality/multilinguality.aux) (./experiments/experiments.aux)
(./conclusions/conclusions.aux))
Package atveryend Info: Executing hook `AtVeryEndDocument' on input line 359.
Package atveryend Info: Executing hook `AtEndAfterFileList' on input line 359.
Package rerunfilecheck Info: File `Thesis.out' has not changed.
(rerunfilecheck)             Checksum: CF72F331B6B7A61F874EB2A176527CBE;7826.
Package rerunfilecheck Info: File `Thesis.brf' has not changed.
(rerunfilecheck)             Checksum: 614DC02B557B712462C123B0E2DE2271;9100.


LaTeX Warning: Label(s) may have changed. Rerun to get cross-references right.

Package atveryend Info: Empty hook `AtVeryVeryEnd' on input line 359.
 ) 
Here is how much of TeX's memory you used:
 14979 strings out of 492616
 235115 string characters out of 6129481
 627605 words of memory out of 5000000
 17917 multiletter control sequences out of 15000+600000
 18881 words of font info for 71 fonts, out of 8000000 for 9000
 1141 hyphenation exceptions out of 8191
 47i,15n,79p,2327b,677s stack positions out of 5000i,500n,10000p,200000b,80000s
</usr/local/texlive/2019/texmf-dist/fonts/type1/public/amsfonts/cm/cmbx10.pfb
></usr/local/texlive/2019/texmf-dist/fonts/type1/public/amsfonts/cm/cmbx12.pfb>
</usr/local/texlive/2019/texmf-dist/fonts/type1/public/amsfonts/cm/cmbx8.pfb></
usr/local/texlive/2019/texmf-dist/fonts/type1/public/amsfonts/cm/cmbxti10.pfb><
/usr/local/texlive/2019/texmf-dist/fonts/type1/public/amsfonts/cm/cmex10.pfb></
usr/local/texlive/2019/texmf-dist/fonts/type1/public/amsfonts/cm/cmitt10.pfb></
usr/local/texlive/2019/texmf-dist/fonts/type1/public/amsfonts/cm/cmmi10.pfb></u
sr/local/texlive/2019/texmf-dist/fonts/type1/public/amsfonts/cm/cmmi6.pfb></usr
/local/texlive/2019/texmf-dist/fonts/type1/public/amsfonts/cm/cmmi7.pfb></usr/l
ocal/texlive/2019/texmf-dist/fonts/type1/public/amsfonts/cm/cmmi8.pfb></usr/loc
al/texlive/2019/texmf-dist/fonts/type1/public/amsfonts/cm/cmr10.pfb></usr/local
/texlive/2019/texmf-dist/fonts/type1/public/amsfonts/cm/cmr12.pfb></usr/local/t
exlive/2019/texmf-dist/fonts/type1/public/amsfonts/cm/cmr6.pfb></usr/local/texl
ive/2019/texmf-dist/fonts/type1/public/amsfonts/cm/cmr7.pfb></usr/local/texlive
/2019/texmf-dist/fonts/type1/public/amsfonts/cm/cmr8.pfb></usr/local/texlive/20
19/texmf-dist/fonts/type1/public/amsfonts/cm/cmr9.pfb></usr/local/texlive/2019/
texmf-dist/fonts/type1/public/amsfonts/cm/cmsy10.pfb></usr/local/texlive/2019/t
exmf-dist/fonts/type1/public/amsfonts/cm/cmsy6.pfb></usr/local/texlive/2019/tex
mf-dist/fonts/type1/public/amsfonts/cm/cmsy8.pfb></usr/local/texlive/2019/texmf
-dist/fonts/type1/public/amsfonts/cm/cmti10.pfb></usr/local/texlive/2019/texmf-
dist/fonts/type1/public/amsfonts/cm/cmti8.pfb></usr/local/texlive/2019/texmf-di
st/fonts/type1/public/amsfonts/cm/cmtt9.pfb>
Output written on Thesis.pdf (165 pages, 6132814 bytes).
PDF statistics:
 2809 PDF objects out of 2984 (max. 8388607)
 2483 compressed objects within 25 object streams
 573 named destinations out of 1000 (max. 500000)
 1081 words of extra memory for PDF output out of 10000 (max. 10000000)

